<?xml version="1.0" encoding="UTF-8"?>
<!-- Generated by org.testng.reporters.JUnitXMLReporter -->
<testsuite ignored="3" hostname="Shivu" failures="0" tests="1" name="Test" time="1.185" errors="0" timestamp="2023-01-25T22:18:25 IST">
  <testcase classname="Vtiger.Organization.TestScripts.CreateOrganizationWithDDTTest" name="test1" time="0.049"/>
  <testcase classname="Vtiger.Organization.TestScripts.CreateOrganizationWithDDTTest" name="test2" time="0.0">
    <ignored/>
  </testcase> <!-- test2 -->
  <testcase classname="Vtiger.Organization.TestScripts.CreateOrganizationWithDDTTest" name="test3" time="0.0">
    <ignored/>
  </testcase> <!-- test3 -->
  <testcase classname="Vtiger.Organization.TestScripts.CreateOrganizationWithDDTTest" name="CreateOrganizationWithDDTTest" time="0.0">
    <ignored/>
  </testcase> <!-- CreateOrganizationWithDDTTest -->
</testsuite> <!-- Test -->
