<?xml version="1.0" encoding="UTF-8"?>
<!-- Generated by org.testng.reporters.JUnitXMLReporter -->
<testsuite ignored="4" hostname="Shivu" failures="0" tests="4" name="Test" time="162.401" errors="0" timestamp="2023-01-11T16:57:20 IST">
  <testcase classname="Vtiger.Organization.TestScripts.CreateOrganizationWithDDTTest" name="CreateOrganizationWithDDTTest" time="45.844"/>
  <testcase classname="Vtiger.Organization.TestScripts.CreateOrganizationWithDDTTest" name="test2" time="0.01"/>
  <testcase classname="Vtiger.Organization.TestScripts.CreateOrganizationWithIndustryPOMTest" name="CreateOrganizationWithIndustryPOMTest" time="35.039"/>
  <testcase classname="Vtiger.Organization.TestScripts.CreateOrganizationWithIndustryPOMTest" name="test3" time="0.004"/>
  <testcase classname="Vtiger.Organization.TestScripts.CreateOrganizationWithDDTTest" name="test1" time="0.0">
    <ignored/>
  </testcase> <!-- test1 -->
  <testcase classname="vTiger.GenericUtilities.BaseClass" name="@BeforeSuite dataBaseConnection" time="0.0">
    <ignored/>
  </testcase> <!-- @BeforeSuite dataBaseConnection -->
  <testcase classname="Vtiger.Organization.TestScripts.CreateOrganizationWithDDTTest" name="test3" time="0.0">
    <ignored/>
  </testcase> <!-- test3 -->
  <testcase classname="vTiger.GenericUtilities.BaseClass" name="@AfterSuite CloseDBconnection" time="0.0">
    <ignored/>
  </testcase> <!-- @AfterSuite CloseDBconnection -->
</testsuite> <!-- Test -->
