<?xml version="1.0" encoding="UTF-8"?>
<testng-results ignored="3" total="4" passed="1" failed="0" skipped="0">
  <reporter-output>
  </reporter-output>
  <suite started-at="2023-01-25T22:18:22 IST" name="Suite" finished-at="2023-01-25T22:18:23 IST" duration-ms="1185">
    <groups>
      <group name="SmokeSuite">
        <method signature="CreateOrganizationWithDDTTest.test1()[pri:0, instance:Vtiger.Organization.TestScripts.CreateOrganizationWithDDTTest@67d48005]" name="test1" class="Vtiger.Organization.TestScripts.CreateOrganizationWithDDTTest"/>
      </group> <!-- SmokeSuite -->
    </groups>
    <test started-at="2023-01-25T22:18:22 IST" name="Test" finished-at="2023-01-25T22:18:23 IST" duration-ms="1185">
      <class name="Vtiger.Organization.TestScripts.CreateOrganizationWithDDTTest">
        <test-method signature="test1()[pri:0, instance:Vtiger.Organization.TestScripts.CreateOrganizationWithDDTTest@67d48005]" started-at="2023-01-25T22:18:23 IST" name="test1" finished-at="2023-01-25T22:18:23 IST" duration-ms="49" status="PASS">
          <reporter-output>
          </reporter-output>
        </test-method> <!-- test1 -->
      </class> <!-- Vtiger.Organization.TestScripts.CreateOrganizationWithDDTTest -->
    </test> <!-- Test -->
  </suite> <!-- Suite -->
</testng-results>
