<?xml version="1.0" encoding="UTF-8"?>
<testng-results ignored="0" total="1" passed="1" failed="0" skipped="0">
  <reporter-output>
  </reporter-output>
  <suite started-at="2023-01-16T17:28:00 IST" name="Default suite" finished-at="2023-01-16T17:28:00 IST" duration-ms="143">
    <groups>
    </groups>
    <test started-at="2023-01-16T17:28:00 IST" name="Default test" finished-at="2023-01-16T17:28:00 IST" duration-ms="143">
      <class name="Vtiger.Practice.ReadDataFromMavenCommandLine">
        <test-method signature="ReadData()[pri:0, instance:Vtiger.Practice.ReadDataFromMavenCommandLine@5119fb47]" started-at="2023-01-16T17:28:00 IST" name="ReadData" finished-at="2023-01-16T17:28:00 IST" duration-ms="25" status="PASS">
          <reporter-output>
          </reporter-output>
        </test-method> <!-- ReadData -->
      </class> <!-- Vtiger.Practice.ReadDataFromMavenCommandLine -->
    </test> <!-- Default test -->
  </suite> <!-- Default suite -->
</testng-results>
